[0m[2m[35m$[0m [2m[1mvite build[0m
[36mvite v5.3.3 [32mbuilding for production...[36m[39m
[2K[1Gtransforming (1) [2msrc/primitives/hover-card/index.tsx[22m[2K[1G[2K[1G[2K[1G[2K[1G[2K[1G[2K[1G[2K[1G[2K[1G[2K[1G[2K[1G[2K[1G[2K[1G[2K[1G[2K[1G[2K[1G[2K[1G[2K[1G[2K[1G[2K[1G[2K[1G[2K[1G[2K[1G[2K[1G[2K[1G[2K[1G[2K[1G[2K[1G[2K[1G[2K[1G[2K[1G[2K[1G[2K[1G[2K[1G[2K[1G[2K[1G[2K[1G[2K[1G[2K[1G[2K[1G[2K[1G[2K[1G[2K[1G[2K[1G[2K[1G[2K[1G[2K[1G[2K[1G[2K[1G[2K[1G[2K[1G[2K[1G[2K[1G[2K[1G[2K[1G[2K[1G[2K[1G[2K[1G[2K[1G[2K[1G[2K[1G[2K[1G[2K[1G[2K[1G[2K[1G[2K[1G[2K[1G[2K[1G[2K[1G[2K[1G[2K[1G[2K[1G[32m✓[39m 48 modules transformed.
[2K[1Grendering chunks (1)...[2K[1Grendering chunks (2)...[2K[1Grendering chunks (3)...[2K[1Grendering chunks (4)...[2K[1Grendering chunks (5)...[2K[1Grendering chunks (6)...[2K[1Grendering chunks (7)...[2K[1Grendering chunks (8)...[2K[1Grendering chunks (9)...[2K[1Grendering chunks (10)...[2K[1Grendering chunks (11)...[2K[1Grendering chunks (12)...[2K[1Grendering chunks (13)...[2K[1Grendering chunks (14)...[2K[1Grendering chunks (15)...[2K[1Grendering chunks (16)...[2K[1Grendering chunks (17)...[2K[1Grendering chunks (18)...[2K[1Grendering chunks (19)...[2K[1Grendering chunks (20)...[2K[1Grendering chunks (21)...[2K[1Grendering chunks (22)...[2K[1Grendering chunks (23)...[2K[1Grendering chunks (24)...[2K[1Grendering chunks (25)...[2K[1Grendering chunks (26)...[2K[1Grendering chunks (27)...[2K[1Grendering chunks (28)...[2K[1Grendering chunks (29)...[2K[1Grendering chunks (30)...[2K[1Grendering chunks (31)...[2K[1Grendering chunks (32)...[2K[1Grendering chunks (33)...[2K[1Grendering chunks (34)...[2K[1Grendering chunks (35)...[2K[1Grendering chunks (36)...[2K[1Grendering chunks (37)...[2K[1Grendering chunks (38)...[2K[1Grendering chunks (39)...[2K[1Grendering chunks (40)...[2K[1Grendering chunks (41)...[2K[1Grendering chunks (42)...[2K[1Grendering chunks (43)...[2K[1Grendering chunks (44)...[2K[1Grendering chunks (45)...[2K[1Grendering chunks (46)...[2K[1Grendering chunks (47)...[2K[1Grendering chunks (48)...[2K[1G[32m
[36m[vite:dts][32m Start generate declaration files...[39m
[2K[1Gcomputing gzip size (0)...[2K[1Gcomputing gzip size (1)...[2K[1Gcomputing gzip size (2)...[2K[1Gcomputing gzip size (3)...[2K[1Gcomputing gzip size (4)...[2K[1Gcomputing gzip size (5)...[2K[1Gcomputing gzip size (6)...[2K[1Gcomputing gzip size (7)...[2K[1Gcomputing gzip size (8)...[2K[1Gcomputing gzip size (9)...[2K[1Gcomputing gzip size (10)...[2K[1Gcomputing gzip size (11)...[2K[1Gcomputing gzip size (12)...[2K[1Gcomputing gzip size (13)...[2K[1Gcomputing gzip size (14)...[2K[1Gcomputing gzip size (15)...[2K[1Gcomputing gzip size (16)...[2K[1Gcomputing gzip size (17)...[2K[1Gcomputing gzip size (18)...[2K[1Gcomputing gzip size (19)...[2K[1Gcomputing gzip size (20)...[2K[1Gcomputing gzip size (21)...[2K[1Gcomputing gzip size (22)...[2K[1Gcomputing gzip size (23)...[2K[1Gcomputing gzip size (24)...[2K[1Gcomputing gzip size (25)...[2K[1Gcomputing gzip size (26)...[2K[1Gcomputing gzip size (27)...[2K[1Gcomputing gzip size (28)...[2K[1Gcomputing gzip size (29)...[2K[1Gcomputing gzip size (30)...[2K[1Gcomputing gzip size (31)...[2K[1Gcomputing gzip size (32)...[2K[1Gcomputing gzip size (33)...[2K[1Gcomputing gzip size (34)...[2K[1Gcomputing gzip size (35)...[2K[1Gcomputing gzip size (36)...[2K[1Gcomputing gzip size (37)...[2K[1Gcomputing gzip size (38)...[2K[1Gcomputing gzip size (39)...[2K[1Gcomputing gzip size (40)...[2K[1Gcomputing gzip size (41)...[2K[1Gcomputing gzip size (42)...[2K[1Gcomputing gzip size (43)...[2K[1Gcomputing gzip size (44)...[2K[1Gcomputing gzip size (45)...[2K[1Gcomputing gzip size (46)...[2K[1Gcomputing gzip size (47)...[2K[1Gcomputing gzip size (48)...[2K[1G[2mdist/[22m[36mprimitives/aspect-ratio/index.js     [39m[1m[2m0.15 kB[22m[1m[22m[2m │ gzip: 0.14 kB[22m[2m │ map: 0.31 kB[22m
[2mdist/[22m[36mutils/cn.js                          [39m[1m[2m0.17 kB[22m[1m[22m[2m │ gzip: 0.15 kB[22m[2m │ map: 0.60 kB[22m
[2mdist/[22m[36mprimitives/collapsible/index.js      [39m[1m[2m0.25 kB[22m[1m[22m[2m │ gzip: 0.18 kB[22m[2m │ map: 0.49 kB[22m
[2mdist/[22m[36mprimitives/skeleton/index.js         [39m[1m[2m0.32 kB[22m[1m[22m[2m │ gzip: 0.25 kB[22m[2m │ map: 0.83 kB[22m
[2mdist/[22m[36mprimitives/toast/index.js            [39m[1m[2m0.54 kB[22m[1m[22m[2m │ gzip: 0.26 kB[22m[2m │ map: 0.11 kB[22m
[2mdist/[22m[36mprimitives/label/index.js            [39m[1m[2m0.57 kB[22m[1m[22m[2m │ gzip: 0.37 kB[22m[2m │ map: 1.01 kB[22m
[2mdist/[22m[36mprimitives/separator/index.js        [39m[1m[2m0.64 kB[22m[1m[22m[2m │ gzip: 0.37 kB[22m[2m │ map: 1.05 kB[22m
[2mdist/[22m[36mprimitives/textarea/index.js         [39m[1m[2m0.65 kB[22m[1m[22m[2m │ gzip: 0.41 kB[22m[2m │ map: 1.16 kB[22m
[2mdist/[22m[36mprimitives/progress/index.js         [39m[1m[2m0.72 kB[22m[1m[22m[2m │ gzip: 0.44 kB[22m[2m │ map: 1.08 kB[22m
[2mdist/[22m[36mprimitives/input/index.js            [39m[1m[2m0.76 kB[22m[1m[22m[2m │ gzip: 0.44 kB[22m[2m │ map: 1.28 kB[22m
[2mdist/[22m[36mprimitives/toast/toaster.js          [39m[1m[2m0.84 kB[22m[1m[22m[2m │ gzip: 0.40 kB[22m[2m │ map: 1.11 kB[22m
[2mdist/[22m[36mprimitives/tooltip/index.js          [39m[1m[2m0.96 kB[22m[1m[22m[2m │ gzip: 0.51 kB[22m[2m │ map: 1.47 kB[22m
[2mdist/[22m[36mprimitives/slider/index.js           [39m[1m[2m0.99 kB[22m[1m[22m[2m │ gzip: 0.53 kB[22m[2m │ map: 1.31 kB[22m
[2mdist/[22m[36mprimitives/checkbox/index.js         [39m[1m[2m0.99 kB[22m[1m[22m[2m │ gzip: 0.51 kB[22m[2m │ map: 1.36 kB[22m
[2mdist/[22m[36mprimitives/badge/index.js            [39m[1m[2m1.01 kB[22m[1m[22m[2m │ gzip: 0.49 kB[22m[2m │ map: 2.05 kB[22m
[2mdist/[22m[36mprimitives/hover-card/index.js       [39m[1m[2m1.02 kB[22m[1m[22m[2m │ gzip: 0.52 kB[22m[2m │ map: 1.47 kB[22m
[2mdist/[22m[36mprimitives/avatar/index.js           [39m[1m[2m1.03 kB[22m[1m[22m[2m │ gzip: 0.45 kB[22m[2m │ map: 1.84 kB[22m
[2mdist/[22m[36mprimitives/radio-group/index.js      [39m[1m[2m1.07 kB[22m[1m[22m[2m │ gzip: 0.53 kB[22m[2m │ map: 1.78 kB[22m
[2mdist/[22m[36mprimitives/switch/index.js           [39m[1m[2m1.09 kB[22m[1m[22m[2m │ gzip: 0.55 kB[22m[2m │ map: 1.44 kB[22m
[2mdist/[22m[36mprimitives/popover/index.js          [39m[1m[2m1.09 kB[22m[1m[22m[2m │ gzip: 0.55 kB[22m[2m │ map: 1.58 kB[22m
[2mdist/[22m[36mprimitives/toggle-group/index.js     [39m[1m[2m1.13 kB[22m[1m[22m[2m │ gzip: 0.52 kB[22m[2m │ map: 2.15 kB[22m
[2mdist/[22m[36mprimitives/toggle/index.js           [39m[1m[2m1.26 kB[22m[1m[22m[2m │ gzip: 0.61 kB[22m[2m │ map: 1.80 kB[22m
[2mdist/[22m[36mprimitives/scroll-area/index.js      [39m[1m[2m1.27 kB[22m[1m[22m[2m │ gzip: 0.57 kB[22m[2m │ map: 2.03 kB[22m
[2mdist/[22m[36mprimitives/alert/index.js            [39m[1m[2m1.35 kB[22m[1m[22m[2m │ gzip: 0.60 kB[22m[2m │ map: 2.81 kB[22m
[2mdist/[22m[36mprimitives/typography/index.js       [39m[1m[2m1.36 kB[22m[1m[22m[2m │ gzip: 0.62 kB[22m[2m │ map: 2.73 kB[22m
[2mdist/[22m[36mprimitives/accordion/index.js        [39m[1m[2m1.52 kB[22m[1m[22m[2m │ gzip: 0.67 kB[22m[2m │ map: 2.47 kB[22m
[2mdist/[22m[36mprimitives/card/index.js             [39m[1m[2m1.54 kB[22m[1m[22m[2m │ gzip: 0.54 kB[22m[2m │ map: 3.47 kB[22m
[2mdist/[22m[36mprimitives/resizable/index.js        [39m[1m[2m1.55 kB[22m[1m[22m[2m │ gzip: 0.62 kB[22m[2m │ map: 2.07 kB[22m
[2mdist/[22m[36mprimitives/input-otp/index.js        [39m[1m[2m1.61 kB[22m[1m[22m[2m │ gzip: 0.70 kB[22m[2m │ map: 2.38 kB[22m
[2mdist/[22m[36mprimitives/button/index.js           [39m[1m[2m1.62 kB[22m[1m[22m[2m │ gzip: 0.72 kB[22m[2m │ map: 2.81 kB[22m
[2mdist/[22m[36mprimitives/toast/use-toast.js        [39m[1m[2m2.06 kB[22m[1m[22m[2m │ gzip: 0.85 kB[22m[2m │ map: 5.45 kB[22m
[2mdist/[22m[36mprimitives/drawer/index.js           [39m[1m[2m2.22 kB[22m[1m[22m[2m │ gzip: 0.81 kB[22m[2m │ map: 4.06 kB[22m
[2mdist/[22m[36mprimitives/table/index.js            [39m[1m[2m2.26 kB[22m[1m[22m[2m │ gzip: 0.70 kB[22m[2m │ map: 4.92 kB[22m
[2mdist/[22m[36mprimitives/breadcrumb/index.js       [39m[1m[2m2.29 kB[22m[1m[22m[2m │ gzip: 0.82 kB[22m[2m │ map: 4.81 kB[22m
[2mdist/[22m[36mprimitives/pagination/index.js       [39m[1m[2m2.49 kB[22m[1m[22m[2m │ gzip: 0.82 kB[22m[2m │ map: 5.21 kB[22m
[2mdist/[22m[36mprimitives/form/index.js             [39m[1m[2m2.64 kB[22m[1m[22m[2m │ gzip: 0.96 kB[22m[2m │ map: 4.99 kB[22m
[2mdist/[22m[36mprimitives/calendar/index.js         [39m[1m[2m2.76 kB[22m[1m[22m[2m │ gzip: 1.02 kB[22m[2m │ map: 3.75 kB[22m
[2mdist/[22m[36mprimitives/alert-dialog/index.js     [39m[1m[2m3.06 kB[22m[1m[22m[2m │ gzip: 0.95 kB[22m[2m │ map: 5.40 kB[22m
[2mdist/[22m[36mprimitives/dialog/index.js           [39m[1m[2m3.14 kB[22m[1m[22m[2m │ gzip: 1.07 kB[22m[2m │ map: 4.68 kB[22m
[2mdist/[22m[36mprimitives/command/index.js          [39m[1m[2m3.30 kB[22m[1m[22m[2m │ gzip: 1.07 kB[22m[2m │ map: 5.50 kB[22m
[2mdist/[22m[36mprimitives/sheet/index.js            [39m[1m[2m3.46 kB[22m[1m[22m[2m │ gzip: 1.18 kB[22m[2m │ map: 5.22 kB[22m
[2mdist/[22m[36mprimitives/toast/toast.js            [39m[1m[2m3.67 kB[22m[1m[22m[2m │ gzip: 1.20 kB[22m[2m │ map: 5.81 kB[22m
[2mdist/[22m[36mprimitives/navigation-menu/index.js  [39m[1m[2m3.75 kB[22m[1m[22m[2m │ gzip: 1.23 kB[22m[2m │ map: 7.46 kB[22m
[2mdist/[22m[36mprimitives/select/index.js           [39m[1m[2m4.30 kB[22m[1m[22m[2m │ gzip: 1.35 kB[22m[2m │ map: 6.64 kB[22m
[2mdist/[22m[36mprimitives/carousel/index.js         [39m[1m[2m4.59 kB[22m[1m[22m[2m │ gzip: 1.45 kB[22m[2m │ map: 7.76 kB[22m
[2mdist/[22m[36mprimitives/context-menu/index.js     [39m[1m[2m5.23 kB[22m[1m[22m[2m │ gzip: 1.25 kB[22m[2m │ map: 8.50 kB[22m
[2mdist/[22m[36mprimitives/dropdown-menu/index.js    [39m[1m[2m5.23 kB[22m[1m[22m[2m │ gzip: 1.28 kB[22m[2m │ map: 8.59 kB[22m
[2mdist/[22m[36mprimitives/menubar/index.js          [39m[1m[2m5.95 kB[22m[1m[22m[2m │ gzip: 1.41 kB[22m[2m │ map: 9.44 kB[22m
[32m[36m[vite:dts][32m Declaration files built in 3904ms.
[39m
[2K[1Grendering chunks (1)...[2K[1Grendering chunks (2)...[2K[1Grendering chunks (3)...[2K[1Grendering chunks (4)...[2K[1Grendering chunks (5)...[2K[1Grendering chunks (6)...[2K[1Grendering chunks (7)...[2K[1Grendering chunks (8)...[2K[1Grendering chunks (9)...[2K[1Grendering chunks (10)...[2K[1Grendering chunks (11)...[2K[1Grendering chunks (12)...[2K[1Grendering chunks (13)...[2K[1Grendering chunks (14)...[2K[1Grendering chunks (15)...[2K[1Grendering chunks (16)...[2K[1Grendering chunks (17)...[2K[1Grendering chunks (18)...[2K[1Grendering chunks (19)...[2K[1Grendering chunks (20)...[2K[1Grendering chunks (21)...[2K[1Grendering chunks (22)...[2K[1Grendering chunks (23)...[2K[1Grendering chunks (24)...[2K[1Grendering chunks (25)...[2K[1Grendering chunks (26)...[2K[1Grendering chunks (27)...[2K[1Grendering chunks (28)...[2K[1Grendering chunks (29)...[2K[1Grendering chunks (30)...[2K[1Grendering chunks (31)...[2K[1Grendering chunks (32)...[2K[1Grendering chunks (33)...[2K[1Grendering chunks (34)...[2K[1Grendering chunks (35)...[2K[1Grendering chunks (36)...[2K[1Grendering chunks (37)...[2K[1Grendering chunks (38)...[2K[1Grendering chunks (39)...[2K[1Grendering chunks (40)...[2K[1Grendering chunks (41)...[2K[1Grendering chunks (42)...[2K[1Grendering chunks (43)...[2K[1Grendering chunks (44)...[2K[1Grendering chunks (45)...[2K[1Grendering chunks (46)...[2K[1Grendering chunks (47)...[2K[1Grendering chunks (48)...[2K[1G[2K[1Gcomputing gzip size (1)...[2K[1Gcomputing gzip size (2)...[2K[1Gcomputing gzip size (3)...[2K[1Gcomputing gzip size (4)...[2K[1Gcomputing gzip size (5)...[2K[1Gcomputing gzip size (6)...[2K[1Gcomputing gzip size (7)...[2K[1Gcomputing gzip size (8)...[2K[1Gcomputing gzip size (9)...[2K[1Gcomputing gzip size (10)...[2K[1Gcomputing gzip size (11)...[2K[1Gcomputing gzip size (12)...[2K[1Gcomputing gzip size (13)...[2K[1Gcomputing gzip size (14)...[2K[1Gcomputing gzip size (15)...[2K[1Gcomputing gzip size (16)...[2K[1Gcomputing gzip size (17)...[2K[1Gcomputing gzip size (18)...[2K[1Gcomputing gzip size (19)...[2K[1Gcomputing gzip size (20)...[2K[1Gcomputing gzip size (21)...[2K[1Gcomputing gzip size (22)...[2K[1Gcomputing gzip size (23)...[2K[1Gcomputing gzip size (24)...[2K[1Gcomputing gzip size (25)...[2K[1Gcomputing gzip size (26)...[2K[1Gcomputing gzip size (27)...[2K[1Gcomputing gzip size (28)...[2K[1Gcomputing gzip size (29)...[2K[1Gcomputing gzip size (30)...[2K[1Gcomputing gzip size (31)...[2K[1Gcomputing gzip size (32)...[2K[1Gcomputing gzip size (33)...[2K[1Gcomputing gzip size (34)...[2K[1Gcomputing gzip size (35)...[2K[1Gcomputing gzip size (36)...[2K[1Gcomputing gzip size (37)...[2K[1Gcomputing gzip size (38)...[2K[1Gcomputing gzip size (39)...[2K[1Gcomputing gzip size (40)...[2K[1Gcomputing gzip size (41)...[2K[1Gcomputing gzip size (42)...[2K[1Gcomputing gzip size (43)...[2K[1Gcomputing gzip size (44)...[2K[1Gcomputing gzip size (45)...[2K[1Gcomputing gzip size (46)...[2K[1Gcomputing gzip size (47)...[2K[1Gcomputing gzip size (48)...[2K[1G[2mdist/[22m[36mutils/cn.cjs                          [39m[1m[2m0.22 kB[22m[1m[22m[2m │ gzip: 0.20 kB[22m[2m │ map: 0.60 kB[22m
[2mdist/[22m[36mprimitives/skeleton/index.cjs         [39m[1m[2m0.32 kB[22m[1m[22m[2m │ gzip: 0.25 kB[22m[2m │ map: 0.80 kB[22m
[2mdist/[22m[36mprimitives/aspect-ratio/index.cjs     [39m[1m[2m0.49 kB[22m[1m[22m[2m │ gzip: 0.33 kB[22m[2m │ map: 0.09 kB[22m
[2mdist/[22m[36mprimitives/toast/index.cjs            [39m[1m[2m0.56 kB[22m[1m[22m[2m │ gzip: 0.27 kB[22m[2m │ map: 0.09 kB[22m
[2mdist/[22m[36mprimitives/collapsible/index.cjs      [39m[1m[2m0.59 kB[22m[1m[22m[2m │ gzip: 0.36 kB[22m[2m │ map: 0.09 kB[22m
[2mdist/[22m[36mprimitives/toast/toaster.cjs          [39m[1m[2m0.61 kB[22m[1m[22m[2m │ gzip: 0.37 kB[22m[2m │ map: 0.09 kB[22m
[2mdist/[22m[36mprimitives/label/index.cjs            [39m[1m[2m0.82 kB[22m[1m[22m[2m │ gzip: 0.51 kB[22m[2m │ map: 0.09 kB[22m
[2mdist/[22m[36mprimitives/separator/index.cjs        [39m[1m[2m0.82 kB[22m[1m[22m[2m │ gzip: 0.50 kB[22m[2m │ map: 0.09 kB[22m
[2mdist/[22m[36mprimitives/textarea/index.cjs         [39m[1m[2m0.87 kB[22m[1m[22m[2m │ gzip: 0.54 kB[22m[2m │ map: 1.10 kB[22m
[2mdist/[22m[36mprimitives/progress/index.cjs         [39m[1m[2m0.90 kB[22m[1m[22m[2m │ gzip: 0.56 kB[22m[2m │ map: 0.09 kB[22m
[2mdist/[22m[36mprimitives/badge/index.cjs            [39m[1m[2m0.91 kB[22m[1m[22m[2m │ gzip: 0.49 kB[22m[2m │ map: 1.98 kB[22m
[2mdist/[22m[36mprimitives/input/index.cjs            [39m[1m[2m0.97 kB[22m[1m[22m[2m │ gzip: 0.57 kB[22m[2m │ map: 1.21 kB[22m
[2mdist/[22m[36mprimitives/slider/index.cjs           [39m[1m[2m1.15 kB[22m[1m[22m[2m │ gzip: 0.65 kB[22m[2m │ map: 0.09 kB[22m
[2mdist/[22m[36mprimitives/checkbox/index.cjs         [39m[1m[2m1.15 kB[22m[1m[22m[2m │ gzip: 0.63 kB[22m[2m │ map: 0.09 kB[22m
[2mdist/[22m[36mprimitives/avatar/index.cjs           [39m[1m[2m1.16 kB[22m[1m[22m[2m │ gzip: 0.58 kB[22m[2m │ map: 0.09 kB[22m
[2mdist/[22m[36mprimitives/toggle-group/index.cjs     [39m[1m[2m1.19 kB[22m[1m[22m[2m │ gzip: 0.61 kB[22m[2m │ map: 0.09 kB[22m
[2mdist/[22m[36mprimitives/tooltip/index.cjs          [39m[1m[2m1.19 kB[22m[1m[22m[2m │ gzip: 0.64 kB[22m[2m │ map: 0.09 kB[22m
[2mdist/[22m[36mprimitives/typography/index.cjs       [39m[1m[2m1.21 kB[22m[1m[22m[2m │ gzip: 0.62 kB[22m[2m │ map: 2.69 kB[22m
[2mdist/[22m[36mprimitives/radio-group/index.cjs      [39m[1m[2m1.21 kB[22m[1m[22m[2m │ gzip: 0.65 kB[22m[2m │ map: 0.09 kB[22m
[2mdist/[22m[36mprimitives/hover-card/index.cjs       [39m[1m[2m1.25 kB[22m[1m[22m[2m │ gzip: 0.65 kB[22m[2m │ map: 0.09 kB[22m
[2mdist/[22m[36mprimitives/switch/index.cjs           [39m[1m[2m1.27 kB[22m[1m[22m[2m │ gzip: 0.67 kB[22m[2m │ map: 0.09 kB[22m
[2mdist/[22m[36mprimitives/popover/index.cjs          [39m[1m[2m1.30 kB[22m[1m[22m[2m │ gzip: 0.67 kB[22m[2m │ map: 0.09 kB[22m
[2mdist/[22m[36mprimitives/scroll-area/index.cjs      [39m[1m[2m1.32 kB[22m[1m[22m[2m │ gzip: 0.67 kB[22m[2m │ map: 0.09 kB[22m
[2mdist/[22m[36mprimitives/toggle/index.cjs           [39m[1m[2m1.37 kB[22m[1m[22m[2m │ gzip: 0.73 kB[22m[2m │ map: 0.09 kB[22m
[2mdist/[22m[36mprimitives/alert/index.cjs            [39m[1m[2m1.41 kB[22m[1m[22m[2m │ gzip: 0.71 kB[22m[2m │ map: 2.66 kB[22m
[2mdist/[22m[36mprimitives/card/index.cjs             [39m[1m[2m1.55 kB[22m[1m[22m[2m │ gzip: 0.64 kB[22m[2m │ map: 3.31 kB[22m
[2mdist/[22m[36mprimitives/accordion/index.cjs        [39m[1m[2m1.57 kB[22m[1m[22m[2m │ gzip: 0.78 kB[22m[2m │ map: 0.09 kB[22m
[2mdist/[22m[36mprimitives/input-otp/index.cjs        [39m[1m[2m1.64 kB[22m[1m[22m[2m │ gzip: 0.80 kB[22m[2m │ map: 0.09 kB[22m
[2mdist/[22m[36mprimitives/toast/use-toast.cjs        [39m[1m[2m1.65 kB[22m[1m[22m[2m │ gzip: 0.85 kB[22m[2m │ map: 0.10 kB[22m
[2mdist/[22m[36mprimitives/button/index.cjs           [39m[1m[2m1.67 kB[22m[1m[22m[2m │ gzip: 0.83 kB[22m[2m │ map: 2.70 kB[22m
[2mdist/[22m[36mprimitives/resizable/index.cjs        [39m[1m[2m1.69 kB[22m[1m[22m[2m │ gzip: 0.74 kB[22m[2m │ map: 0.09 kB[22m
[2mdist/[22m[36mprimitives/drawer/index.cjs           [39m[1m[2m2.11 kB[22m[1m[22m[2m │ gzip: 0.87 kB[22m[2m │ map: 0.09 kB[22m
[2mdist/[22m[36mprimitives/table/index.cjs            [39m[1m[2m2.12 kB[22m[1m[22m[2m │ gzip: 0.79 kB[22m[2m │ map: 4.68 kB[22m
[2mdist/[22m[36mprimitives/breadcrumb/index.cjs       [39m[1m[2m2.13 kB[22m[1m[22m[2m │ gzip: 0.89 kB[22m[2m │ map: 4.62 kB[22m
[2mdist/[22m[36mprimitives/pagination/index.cjs       [39m[1m[2m2.17 kB[22m[1m[22m[2m │ gzip: 0.88 kB[22m[2m │ map: 4.91 kB[22m
[2mdist/[22m[36mprimitives/calendar/index.cjs         [39m[1m[2m2.30 kB[22m[1m[22m[2m │ gzip: 0.98 kB[22m[2m │ map: 0.09 kB[22m
[2mdist/[22m[36mprimitives/form/index.cjs             [39m[1m[2m2.33 kB[22m[1m[22m[2m │ gzip: 0.99 kB[22m[2m │ map: 0.09 kB[22m
[2mdist/[22m[36mprimitives/alert-dialog/index.cjs     [39m[1m[2m2.83 kB[22m[1m[22m[2m │ gzip: 1.03 kB[22m[2m │ map: 0.09 kB[22m
[2mdist/[22m[36mprimitives/dialog/index.cjs           [39m[1m[2m2.88 kB[22m[1m[22m[2m │ gzip: 1.14 kB[22m[2m │ map: 0.09 kB[22m
[2mdist/[22m[36mprimitives/command/index.cjs          [39m[1m[2m3.09 kB[22m[1m[22m[2m │ gzip: 1.14 kB[22m[2m │ map: 0.09 kB[22m
[2mdist/[22m[36mprimitives/sheet/index.cjs            [39m[1m[2m3.13 kB[22m[1m[22m[2m │ gzip: 1.24 kB[22m[2m │ map: 0.09 kB[22m
[2mdist/[22m[36mprimitives/carousel/index.cjs         [39m[1m[2m3.46 kB[22m[1m[22m[2m │ gzip: 1.37 kB[22m[2m │ map: 0.09 kB[22m
[2mdist/[22m[36mprimitives/navigation-menu/index.cjs  [39m[1m[2m3.46 kB[22m[1m[22m[2m │ gzip: 1.30 kB[22m[2m │ map: 7.16 kB[22m
[2mdist/[22m[36mprimitives/toast/toast.cjs            [39m[1m[2m3.49 kB[22m[1m[22m[2m │ gzip: 1.30 kB[22m[2m │ map: 0.09 kB[22m
[2mdist/[22m[36mprimitives/select/index.cjs           [39m[1m[2m3.75 kB[22m[1m[22m[2m │ gzip: 1.40 kB[22m[2m │ map: 0.09 kB[22m
[2mdist/[22m[36mprimitives/context-menu/index.cjs     [39m[1m[2m4.68 kB[22m[1m[22m[2m │ gzip: 1.32 kB[22m[2m │ map: 0.09 kB[22m
[2mdist/[22m[36mprimitives/dropdown-menu/index.cjs    [39m[1m[2m4.68 kB[22m[1m[22m[2m │ gzip: 1.34 kB[22m[2m │ map: 0.09 kB[22m
[2mdist/[22m[36mprimitives/menubar/index.cjs          [39m[1m[2m5.20 kB[22m[1m[22m[2m │ gzip: 1.43 kB[22m[2m │ map: 0.09 kB[22m
[32m✓ built in 4.25s[39m
